C:\Program Files\Microsoft Visual Studio\2022\Community\MSBuild\Microsoft\VC\v170\Platforms\Win32\PlatformToolsets\v143\ImportAfter\Intel.Libs.IPP1A.v143.targets(36,5): warning : Could not expand IPP1AMajorVersion variable. Corresponding version of Intel(R) IPP is not installed or the registry information may be incorrect. 
C:\Program Files\Microsoft Visual Studio\2022\Community\MSBuild\Microsoft\VC\v170\Platforms\Win32\PlatformToolsets\v143\ImportAfter\Intel.Libs.IPP1A.v143.targets(37,5): warning : Could not expand IPP1AMinorVersion variable. Corresponding version of Intel(R) IPP is not installed or the registry information may be incorrect. 
C:\Program Files\Microsoft Visual Studio\2022\Community\MSBuild\Microsoft\VC\v170\Platforms\Win32\PlatformToolsets\v143\ImportAfter\Intel.Libs.IPP1A.v143.targets(38,5): warning : Could not expand IPP1AIncludeDir variable. Corresponding version of Intel(R) IPP is not installed or the registry information may be incorrect. 
C:\Program Files\Microsoft Visual Studio\2022\Community\MSBuild\Microsoft\VC\v170\Platforms\Win32\PlatformToolsets\v143\ImportAfter\Intel.Libs.IPP1A.v143.targets(39,5): warning : Could not expand IPP1ALibDir variable. Corresponding version of Intel(R) IPP is not installed or the registry information may be incorrect. 
C:\Program Files\Microsoft Visual Studio\2022\Community\MSBuild\Microsoft\VC\v170\Platforms\Win32\PlatformToolsets\v143\ImportAfter\Intel.Libs.oneDAL.v143.targets(37,5): warning : Could not expand oneDALProductDir variable. Corresponding version of Intel(R) oneDAL is not installed or the registry information may be incorrect. 
C:\Program Files\Microsoft Visual Studio\2022\Community\MSBuild\Microsoft\VC\v170\Platforms\Win32\PlatformToolsets\v143\ImportAfter\Intel.Libs.oneDAL.v143.targets(38,5): warning : Could not expand oneDALMajorVersion variable. Corresponding version of Intel(R) oneDAL is not installed or the registry information may be incorrect. 
C:\Program Files\Microsoft Visual Studio\2022\Community\MSBuild\Microsoft\VC\v170\Platforms\Win32\PlatformToolsets\v143\ImportAfter\Intel.Libs.oneDAL.v143.targets(39,5): warning : Could not expand oneDALMinorVersion variable. Corresponding version of Intel(R) oneDAL is not installed or the registry information may be incorrect. 
C:\Program Files\Microsoft Visual Studio\2022\Community\MSBuild\Microsoft\VC\v170\Platforms\Win32\PlatformToolsets\v143\ImportAfter\Intel.Libs.oneDAL.v143.targets(40,5): warning : Could not expand oneDALIncludeDir variable. Corresponding version of Intel(R) oneDAL is not installed or the registry information may be incorrect. 
C:\Program Files\Microsoft Visual Studio\2022\Community\MSBuild\Microsoft\VC\v170\Platforms\Win32\PlatformToolsets\v143\ImportAfter\Intel.Libs.oneDAL.v143.targets(41,5): warning : Could not expand oneDALLibDir variable. Corresponding version of Intel(R) oneDAL is not installed or the registry information may be incorrect. 
C:\Program Files\Microsoft Visual Studio\2022\Community\MSBuild\Microsoft\VC\v170\Platforms\Win32\PlatformToolsets\v143\ImportAfter\Intel.Libs.oneMKL.v143.targets(36,5): warning : Could not expand oneMKLProductDir variable. Corresponding version of Intel(R) oneMKL is not installed or the registry information may be incorrect. 
C:\Program Files\Microsoft Visual Studio\2022\Community\MSBuild\Microsoft\VC\v170\Platforms\Win32\PlatformToolsets\v143\ImportAfter\Intel.Libs.oneMKL.v143.targets(37,5): warning : Could not expand oneMKLMajorVersion variable. Corresponding version of Intel(R) oneMKL is not installed or the registry information may be incorrect. 
C:\Program Files\Microsoft Visual Studio\2022\Community\MSBuild\Microsoft\VC\v170\Platforms\Win32\PlatformToolsets\v143\ImportAfter\Intel.Libs.oneMKL.v143.targets(38,5): warning : Could not expand oneMKLMinorVersion variable. Corresponding version of Intel(R) oneMKL is not installed or the registry information may be incorrect. 
C:\Program Files\Microsoft Visual Studio\2022\Community\MSBuild\Microsoft\VC\v170\Platforms\Win32\PlatformToolsets\v143\ImportAfter\Intel.Libs.oneMKL.v143.targets(39,5): warning : Could not expand oneMKLIncludeDir variable. Corresponding version of Intel(R) oneMKL is not installed or the registry information may be incorrect. 
C:\Program Files\Microsoft Visual Studio\2022\Community\MSBuild\Microsoft\VC\v170\Platforms\Win32\PlatformToolsets\v143\ImportAfter\Intel.Libs.oneMKL.v143.targets(40,5): warning : Could not expand oneMKLLibDir variable. Corresponding version of Intel(R) oneMKL is not installed or the registry information may be incorrect. 
C:\Program Files\Microsoft Visual Studio\2022\Community\MSBuild\Microsoft\VC\v170\Platforms\Win32\PlatformToolsets\v143\ImportAfter\Intel.Libs.oneMKL.v143.targets(41,5): warning : Could not expand oneMKLOmpLibDir variable. Corresponding version of Intel(R) oneMKL is not installed or the registry information may be incorrect. 
     Creating library C:\Users\sapro\source\repos\ConsoleApplication1\Debug\LibraryMKL.lib and object C:\Users\sapro\source\repos\ConsoleApplication1\Debug\LibraryMKL.exp
dllmain.obj : error LNK2019: unresolved external symbol _vmdTan referenced in function _VM_Tan
C:\Program Files (x86)\Intel\oneAPI\mkl\latest\lib\mkl_intel_thread.lib : warning LNK4272: library machine type 'x64' conflicts with target machine type 'x86'
C:\Program Files (x86)\Intel\oneAPI\mkl\latest\lib\mkl_core.lib : warning LNK4272: library machine type 'x64' conflicts with target machine type 'x86'
C:\Users\sapro\source\repos\ConsoleApplication1\Debug\LibraryMKL.dll : fatal error LNK1120: 1 unresolved externals
